C51 COMPILER V9.53.0.0   EFM8BB10F2G_A_QFN20_MAIN                                          03/21/2017 18:40:16 PAGE 1   


C51 COMPILER V9.53.0.0, COMPILATION OF MODULE EFM8BB10F2G_A_QFN20_MAIN
OBJECT MODULE PLACED IN .\src\EFM8BB10F2G-A-QFN20_main.OBJ
COMPILER INVOKED BY: e:\rj\simplicity studio\installfile\developer\toolchains\keil_8051\9.53\BIN\C51.exe E:\project\sili
                    -con woekspace\EFM8BB10F2G-A-QFN20\src\EFM8BB10F2G-A-QFN20_main.c OMF2 SMALL DEBUG OBJECTEXTEND ROM(LARGE) WARNINGLEVEL(2
                    -) FLOATFUZZY(3) OPTIMIZE(8,SPEED) DEFINE(DEBUG=1) INTVECTOR(0X0000) INTPROMOTE INCDIR(E:/project/silicon woekspace/EFM8B
                    -B10F2G-A-QFN20/inc;E:/rj/simplicity studio/installfile/developer/sdks/8051/v4.0.3//Device/shared/si8051base;E:/rj/simpli
                    -city studio/installfile/developer/sdks/8051/v4.0.3//Device/EFM8BB1/inc) PRINT(.\src\EFM8BB10F2G-A-QFN20_main.lst) COND P
                    -AGEWIDTH(120) PAGELENGTH(65) OBJECT(.\src\EFM8BB10F2G-A-QFN20_main.OBJ)

line level    source

   1          
   2          //-----------------------------------------------------------------------------
   3          // Includes
   4          //-----------------------------------------------------------------------------
   5          #include <SI_EFM8BB1_Register_Enums.h>                  // SFR declarations
   6          #include "InitDevice.h"
   7          // $[Generated Includes]
   8          // [Generated Includes]$
   9          
  10          //-----------------------------------------------------------------------------
  11          // main() Routine
  12          // ----------------------------------------------------------------------------
  13          int main (void)
  14          {
  15   1              // Call hardware initialization routine
  16   1              enter_DefaultMode_from_RESET();
  17   1      
  18   1              while (1) 
  19   1         {
  20   2           // $[Generated Run-time code]
  21   2           // [Generated Run-time code]$
  22   2         }                             
  23   1      }


MODULE INFORMATION:   STATIC OVERLAYABLE
   CODE SIZE        =      5    ----
   CONSTANT SIZE    =   ----    ----
   XDATA SIZE       =   ----    ----
   PDATA SIZE       =   ----    ----
   DATA SIZE        =   ----    ----
   IDATA SIZE       =   ----    ----
   BIT SIZE         =   ----    ----
   EDATA SIZE       =   ----    ----
   HDATA SIZE       =   ----    ----
   XDATA CONST SIZE =   ----    ----
   FAR CONST SIZE   =   ----    ----
END OF MODULE INFORMATION.


C51 COMPILATION COMPLETE.  0 WARNING(S),  0 ERROR(S)
