C51 COMPILER V9.01   EFM8BB10F2G_A_QFN20_MAIN                                              03/28/2017 15:45:32 PAGE 1   


C51 COMPILER V9.01, COMPILATION OF MODULE EFM8BB10F2G_A_QFN20_MAIN
OBJECT MODULE PLACED IN .\src\EFM8BB10F2G-A-QFN20_main.OBJ
COMPILER INVOKED BY: c:\Keil\C51\BIN\C51.exe E:\project\silicon woekspace\EFM8BB10F2G-A-QFN20\src\EFM8BB10F2G-A-QFN20_ma
                    -in.c OMF2 SMALL DEBUG OBJECTEXTEND ROM(LARGE) WARNINGLEVEL(2) FLOATFUZZY(3) OPTIMIZE(8,SPEED) DEFINE(DEBUG=1) INTVECTOR(
                    -0X0000) INTPROMOTE INCDIR(E:/project/silicon woekspace/EFM8BB10F2G-A-QFN20/inc;E:/rj/simplicity studio/installfile/devel
                    -oper/sdks/8051/v4.0.3//Device/shared/si8051base;E:/rj/simplicity studio/installfile/developer/sdks/8051/v4.0.3//Device/E
                    -FM8BB1/inc) PRINT(.\src\EFM8BB10F2G-A-QFN20_main.lst) COND PAGEWIDTH(120) PAGELENGTH(65) OBJECT(.\src\EFM8BB10F2G-A-QFN2
                    -0_main.OBJ)

line level    source

   1          
   2          //-----------------------------------------------------------------------------
   3          // Includes
   4          //-----------------------------------------------------------------------------
   5          #include <SI_EFM8BB1_Register_Enums.h>                  // SFR declarations
   6          #include "InitDevice.h"
   7          #include "stdio.h"
   8          
   9          sbit led = P1^5;
  10          sbit button = P1^4;
  11          unsigned char flashing_flag=0;
  12          unsigned char key_status=1;
  13          unsigned char key_old = 1;
  14          unsigned int flashing_time = 1000;
  15          unsigned char longkey = 0;
  16          // $[Generated Includes]
  17          // [Generated Includes]$
  18          
  19          //-----------------------------------------------------------------------------
  20          // main() Routine
  21          // ----------------------------------------------------------------------------
  22          void LED_gpio_init(void)
  23          {
  24   1              P1MDIN |= 0x20;
  25   1              P1MDOUT |= 0x20;
  26   1              P1SKIP |= 0x20;
  27   1              XBR2 |= 0X40;
  28   1      
  29   1              led = 0;
  30   1      }
  31          
  32          void button_gpio_init(void)
  33          {
  34   1              P1MDIN |= 0x10;
  35   1              P1MDOUT |= 0x00;
  36   1              P1SKIP |= 0x10;
  37   1      
  38   1              button = 1;
  39   1      }
  40          
  41          void system_clock_set(void)
  42          {
  43   1              CLKSEL = 0x00;
  44   1      }
  45          
  46          void T0_init(void)
  47          {
  48   1              CKCON0 |= 0x04;
  49   1              TMOD |= 0x01;
  50   1              XBR1 |= 0x08;
  51   1              TH0 = 0xA0;
C51 COMPILER V9.01   EFM8BB10F2G_A_QFN20_MAIN                                              03/28/2017 15:45:32 PAGE 2   

  52   1              TL0 = 0x4C;
  53   1              TCON |= 0x10;
  54   1      
  55   1              IE |= 0x02;
  56   1      }
  57          
  58          void T1_init(void)
  59          {
  60   1              CKCON0 = 0x08;
  61   1              TMOD = 0x20;
  62   1              TH1 = 0x96;
  63   1              TL1 = 0x96;
  64   1              TCON = 0x40;
  65   1      }
  66          
  67          void UART0_init(void)
  68          {
  69   1              XBR0 |= 0x01;
  70   1              SCON0 = 0x50;
  71   1              //IE = 0x90;
  72   1      }
  73          
  74          uint32_t usart_sendbyte(unsigned char c)
  75          {
  76   1              SBUF0 = c;
  77   1              while(!SCON0_TI);
  78   1              SCON0_TI = 0;
  79   1      
  80   1              return 1;
  81   1      }
  82          
  83          uint32_t usart_send(unsigned char *buf)
  84          {
  85   1              uint32_t sendlen=0;
  86   1      
  87   1              while(*buf != '\0')
  88   1              {
  89   2                      usart_sendbyte(*buf);
  90   2                      buf++;
  91   2                      sendlen++;
  92   2              }
  93   1      
  94   1              return sendlen;
  95   1      }
  96          
  97          void disable_WDT(void)
  98          {
  99   1              IE = 0x00;
 100   1              WDTCN = 0xDE;
 101   1              WDTCN = 0xAD;
 102   1              IE = 0x90;
 103   1      }
 104          
 105          int main (void)
 106          {
 107   1              // Call hardware initialization routine
 108   1              //enter_DefaultMode_from_RESET();
 109   1              unsigned char buf[20] = {"hello world"};
 110   1              unsigned int cnt = 0;
 111   1      
 112   1              system_clock_set();
 113   1              LED_gpio_init();
 114   1              button_gpio_init();
C51 COMPILER V9.01   EFM8BB10F2G_A_QFN20_MAIN                                              03/28/2017 15:45:32 PAGE 3   

 115   1              T1_init();
 116   1              UART0_init();
 117   1              disable_WDT();
 118   1              T0_init();
 119   1      
 120   1              while (1) 
 121   1         {
 122   2                      if(!longkey)
 123   2                      {
 124   3                              if(key_status != key_old)
 125   3                              {
 126   4                                      if(key_status == 1)
 127   4                                      {
 128   5                                              if(flashing_time <= 50)
 129   5                                              {
 130   6                                                      flashing_time = 50;
 131   6                                              }
 132   5                                              else
 133   5                                              {
 134   6                                                      flashing_time -= 50;
 135   6                                              }
 136   5                                      }
 137   4                                      key_old = key_status;
 138   4                              }
 139   3                      }
 140   2                      if(flashing_flag)
 141   2                      {
 142   3                              flashing_flag=0;
 143   3                              led = ~led;
 144   3                      }
 145   2         }                             
 146   1      }
 147          
 148          SI_INTERRUPT (UART0_ISR, UART0_IRQn)
 149          {
 150   1      
 151   1      }
 152          
 153          void keyscan(void)
 154          {
 155   1              static unsigned char key_down_time=0;
 156   1              static unsigned char key_up_time = 0;
 157   1              static unsigned int key_long_time = 0;
 158   1              static unsigned char repeat_cnt = 1;
 159   1      
 160   1              if(button==0)
 161   1              {
 162   2                      key_down_time++;
 163   2                      key_long_time++;
 164   2              }
 165   1              else
 166   1              {
 167   2                      key_up_time++;
 168   2              }
 169   1              if(key_long_time > 2000)
 170   1              {
 171   2                      longkey=1;
 172   2                      if((key_long_time-2000)>(repeat_cnt*500))
 173   2                      {
 174   3                              repeat_cnt++;
 175   3                              flashing_time += 50;
 176   3                      }
 177   2              }
C51 COMPILER V9.01   EFM8BB10F2G_A_QFN20_MAIN                                              03/28/2017 15:45:32 PAGE 4   

 178   1              if(key_down_time>=20)
 179   1              {
 180   2                      key_down_time = 0;
 181   2                      key_status = 0;
 182   2              }
 183   1              else if(key_up_time>=20)
 184   1              {
 185   2                      key_up_time = 0;
 186   2                      key_status = 1;
 187   2                      if(longkey)
 188   2                      {
 189   3                              key_long_time = 0;
 190   3                              repeat_cnt = 1;
 191   3                              longkey = 0;
 192   3                              key_old = 1;
 193   3                      }
 194   2              }
 195   1      }
 196          
 197          SI_INTERRUPT (TIME0_ISR, TIMER0_IRQn)
 198          {
 199   1              static unsigned int cnt=0;
 200   1      
 201   1              TH0 = 0xA0;
 202   1              TL0 = 0x4C;
 203   1              keyscan();
 204   1              cnt++;
 205   1              if(cnt >= flashing_time)
 206   1              {
 207   2                      cnt = 0;
 208   2                      flashing_flag=1;
 209   2              }
 210   1      }


MODULE INFORMATION:   STATIC OVERLAYABLE
   CODE SIZE        =    459    ----
   CONSTANT SIZE    =     20    ----
   XDATA SIZE       =   ----    ----
   PDATA SIZE       =   ----    ----
   DATA SIZE        =     13      26
   IDATA SIZE       =   ----    ----
   BIT SIZE         =   ----    ----
   EDATA SIZE       =   ----    ----
   HDATA SIZE       =   ----    ----
   XDATA CONST SIZE =   ----    ----
   FAR CONST SIZE   =   ----    ----
END OF MODULE INFORMATION.


C51 COMPILATION COMPLETE.  0 WARNING(S),  0 ERROR(S)
